
6월 18, 2020 14:08:11.17 NEW SESSION
6월 18, 2020 14:08:11.17 [9124:7384:0618/140811.122:ERROR:page_load_metrics_update_dispatcher.cc(165)] Invalid first_paint 0.386 s for first_image_paint 0.321 s
6월 18, 2020 14:08:12.12 [9124:7384:0618/140812.126:ERROR:page_load_metrics_update_dispatcher.cc(165)] Invalid first_paint 0.386 s for first_image_paint 0.321 s
6월 18, 2020 14:08:13.15 [9124:7384:0618/140813.156:ERROR:page_load_metrics_update_dispatcher.cc(165)] Invalid first_paint 0.386 s for first_image_paint 0.321 s
6월 18, 2020 14:08:14.15 [9124:7384:0618/140814.159:ERROR:page_load_metrics_update_dispatcher.cc(165)] Invalid first_paint 0.386 s for first_image_paint 0.321 s

7월 02, 2020 12:13:20.32 NEW SESSION
7월 02, 2020 12:13:20.32 [9160:10368:0702/121320.232:ERROR:socket_stream.cc(218)] Closing stream with result -2
7월 02, 2020 12:24:35.75 [9160:10368:0702/122435.753:ERROR:socket_stream.cc(218)] Closing stream with result -2
7월 02, 2020 12:37:21.30 [9160:10368:0702/123721.306:ERROR:socket_stream.cc(218)] Closing stream with result -2
7월 02, 2020 13:24:36.86 [9160:10368:0702/132436.866:ERROR:socket_stream.cc(218)] Closing stream with result -2

7월 08, 2020 15:36:36.59 NEW SESSION
7월 08, 2020 15:36:36.59 [1284:8984:0708/153636.596:ERROR:component_installer.cc(324)] Failed to read manifest or verify installation for Safety Tips (C:\Users\bit34\AppData\Local\Google\Chrome\User Data\SafetyTips\1658).: 지정된 파일을 찾을 수 없습니다. (0x2)

7월 10, 2020 16:51:44.43 NEW SESSION
7월 10, 2020 16:51:44.43 [10032:584:0710/165144.396:ERROR:mcs_client.cc(755)] Received close command, resetting connection.

7월 24, 2020 09:30:16.57 NEW SESSION
7월 24, 2020 09:30:16.57 [9964:6068:0724/093016.576:ERROR:page_load_metrics_update_dispatcher.cc(165)] Invalid first_paint 0.306 s for first_image_paint 0.259 s
7월 24, 2020 09:30:17.70 [9964:6068:0724/093017.702:ERROR:page_load_metrics_update_dispatcher.cc(165)] Invalid first_paint 0.306 s for first_image_paint 0.259 s
7월 24, 2020 09:30:19.91 [9964:6068:0724/093019.918:ERROR:page_load_metrics_update_dispatcher.cc(165)] Invalid first_paint 0.306 s for first_image_paint 0.259 s
7월 24, 2020 09:30:20.99 [9964:6068:0724/093020.993:ERROR:page_load_metrics_update_dispatcher.cc(165)] Invalid first_paint 0.306 s for first_image_paint 0.259 s
7월 24, 2020 13:09:08.29 [9964:6068:0724/130908.290:ERROR:page_load_metrics_update_dispatcher.cc(165)] Invalid first_paint 0.343 s for first_image_paint 0.298 s
7월 24, 2020 13:09:09.50 [9964:6068:0724/130909.501:ERROR:page_load_metrics_update_dispatcher.cc(165)] Invalid first_paint 0.343 s for first_image_paint 0.298 s
7월 24, 2020 13:09:11.66 [9964:6068:0724/130911.666:ERROR:page_load_metrics_update_dispatcher.cc(165)] Invalid first_paint 0.343 s for first_image_paint 0.298 s
7월 24, 2020 13:09:12.82 [9964:6068:0724/130912.822:ERROR:page_load_metrics_update_dispatcher.cc(165)] Invalid first_paint 0.343 s for first_image_paint 0.298 s
7월 24, 2020 16:33:48.19 [9964:6068:0724/163348.192:ERROR:page_load_metrics_update_dispatcher.cc(165)] Invalid first_paint 0.338 s for first_image_paint 0.29 s
7월 24, 2020 16:33:49.30 [9964:6068:0724/163349.302:ERROR:page_load_metrics_update_dispatcher.cc(165)] Invalid first_paint 0.338 s for first_image_paint 0.29 s
7월 24, 2020 17:52:52.81 [9964:6068:0724/175252.819:ERROR:page_load_metrics_update_dispatcher.cc(165)] Invalid first_paint 0.356 s for first_image_paint 0.324 s

7월 29, 2020 09:47:28.24 NEW SESSION
7월 29, 2020 09:47:28.24 [1800:8108:0729/094728.235:ERROR:page_load_metrics_update_dispatcher.cc(165)] Invalid first_paint 0.756 s for first_image_paint 0.674 s
7월 29, 2020 09:47:29.28 [1800:8108:0729/094729.285:ERROR:page_load_metrics_update_dispatcher.cc(165)] Invalid first_paint 0.756 s for first_image_paint 0.674 s
7월 29, 2020 09:47:31.14 [1800:8108:0729/094731.141:ERROR:page_load_metrics_update_dispatcher.cc(165)] Invalid first_paint 0.756 s for first_image_paint 0.674 s
7월 29, 2020 09:47:34.15 [1800:8108:0729/094734.156:ERROR:page_load_metrics_update_dispatcher.cc(165)] Invalid first_paint 0.756 s for first_image_paint 0.674 s
7월 29, 2020 09:47:36.26 [1800:8108:0729/094736.263:ERROR:page_load_metrics_update_dispatcher.cc(165)] Invalid first_paint 0.756 s for first_image_paint 0.674 s
7월 29, 2020 09:47:37.71 [1800:8108:0729/094737.715:ERROR:page_load_metrics_update_dispatcher.cc(165)] Invalid first_paint 0.756 s for first_image_paint 0.674 s
7월 29, 2020 10:14:17.55 [1800:8108:0729/101417.552:ERROR:page_load_metrics_update_dispatcher.cc(165)] Invalid first_paint 0.339 s for first_image_paint 0.293 s
