<?xml version="1.0" encoding="x-windows-949" standalone="no"?>
<!DOCTYPE log SYSTEM "logger.dtd">
<log>
<record>
  <date>2020-08-03T08:55:56.974214400Z</date>
  <millis>1596444956974</millis>
  <nanos>214400</nanos>
  <sequence>0</sequence>
  <logger>global</logger>
  <level>INFO</level>
  <class>com.maven.mqtt.asyncmqtt.App</class>
  <method>main</method>
  <thread>1</thread>
  <message>test</message>
</record>
<record>
  <date>2020-08-03T08:55:56.979218100Z</date>
  <millis>1596444956979</millis>
  <nanos>218100</nanos>
  <sequence>1</sequence>
  <logger>global</logger>
  <level>INFO</level>
  <class>com.maven.mqtt.asyncmqtt.MqttService</class>
  <method>mqttSubscribe</method>
  <thread>1</thread>
  <message>++++++Service subscribe:121.138.83.121+++++++</message>
</record>
<record>
  <date>2020-08-03T08:55:58.213093100Z</date>
  <millis>1596444958213</millis>
  <nanos>93100</nanos>
  <sequence>2</sequence>
  <logger>global</logger>
  <level>INFO</level>
  <class>com.maven.mqtt.asyncmqtt.MqttService</class>
  <method>mqttSubscribe</method>
  <thread>1</thread>
  <message>++++++Service subscribe:127.0.0.1+++++++</message>
</record>
<record>
  <date>2020-08-03T08:55:59.252830700Z</date>
  <millis>1596444959252</millis>
  <nanos>830700</nanos>
  <sequence>3</sequence>
  <logger>global</logger>
  <level>INFO</level>
  <class>com.maven.mqtt.asyncmqtt.MqttService</class>
  <method>mqttSubscribe</method>
  <thread>1</thread>
  <message>++++++Service subscribe:+++++++</message>
</record>
<record>
  <date>2020-08-03T08:56:00.296570200Z</date>
  <millis>1596444960296</millis>
  <nanos>570200</nanos>
  <sequence>4</sequence>
  <logger>global</logger>
  <level>INFO</level>
  <class>com.maven.mqtt.asyncmqtt.MqttService</class>
  <method>mqttSubscribe</method>
  <thread>1</thread>
  <message>++++++Service subscribe:+++++++</message>
</record>
<record>
  <date>2020-08-03T08:56:01.312306900Z</date>
  <millis>1596444961312</millis>
  <nanos>306900</nanos>
  <sequence>5</sequence>
  <logger>global</logger>
  <level>INFO</level>
  <class>com.maven.mqtt.asyncmqtt.MqttService</class>
  <method>mqttSubscribe</method>
  <thread>1</thread>
  <message>++++++Service subscribe:192.168.1.52+++++++</message>
</record>
<record>
  <date>2020-08-03T08:56:02.376045700Z</date>
  <millis>1596444962376</millis>
  <nanos>45700</nanos>
  <sequence>6</sequence>
  <logger>global</logger>
  <level>INFO</level>
  <class>com.maven.mqtt.asyncmqtt.MqttService</class>
  <method>mqttSubscribe</method>
  <thread>1</thread>
  <message>++++++Service subscribe:null+++++++</message>
</record>
<record>
  <date>2020-08-03T08:56:03.425791600Z</date>
  <millis>1596444963425</millis>
  <nanos>791600</nanos>
  <sequence>7</sequence>
  <logger>global</logger>
  <level>INFO</level>
  <class>com.maven.mqtt.asyncmqtt.MqttService</class>
  <method>mqttSubscribe</method>
  <thread>1</thread>
  <message>++++++Service subscribe:null+++++++</message>
</record>
<record>
  <date>2020-08-03T08:56:04.457522300Z</date>
  <millis>1596444964457</millis>
  <nanos>522300</nanos>
  <sequence>8</sequence>
  <logger>global</logger>
  <level>INFO</level>
  <class>com.maven.mqtt.asyncmqtt.MqttService</class>
  <method>mqttSubscribe</method>
  <thread>1</thread>
  <message>++++++Service subscribe:null+++++++</message>
</record>
<record>
  <date>2020-08-03T08:56:34.907130Z</date>
  <millis>1596444994907</millis>
  <nanos>130000</nanos>
  <sequence>9</sequence>
  <logger>global</logger>
  <level>INFO</level>
  <class>com.maven.mqtt.asyncmqtt.MqttDAO</class>
  <method>insert</method>
  <thread>38</thread>
  <message>++++++DAO insert Test : 1+++++++</message>
</record>
<record>
  <date>2020-08-03T08:57:01.313862300Z</date>
  <millis>1596445021313</millis>
  <nanos>862300</nanos>
  <sequence>10</sequence>
  <logger>global</logger>
  <level>INFO</level>
  <class>com.maven.mqtt.asyncmqtt.MqttDAO</class>
  <method>insert</method>
  <thread>39</thread>
  <message>++++++DAO insert Test : 11+++++++</message>
</record>
<record>
  <date>2020-08-03T08:57:36.431755700Z</date>
  <millis>1596445056431</millis>
  <nanos>755700</nanos>
  <sequence>11</sequence>
  <logger>global</logger>
  <level>INFO</level>
  <class>com.maven.mqtt.asyncmqtt.MqttDAO</class>
  <method>insert</method>
  <thread>40</thread>
  <message>++++++DAO insert Test : 1+++++++</message>
</record>
<record>
  <date>2020-08-03T08:58:04.598730700Z</date>
  <millis>1596445084598</millis>
  <nanos>730700</nanos>
  <sequence>12</sequence>
  <logger>global</logger>
  <level>INFO</level>
  <class>com.maven.mqtt.asyncmqtt.MqttDAO</class>
  <method>insert</method>
  <thread>41</thread>
  <message>++++++DAO insert Test : 11+++++++</message>
</record>
<record>
  <date>2020-08-03T08:58:37.881338300Z</date>
  <millis>1596445117881</millis>
  <nanos>338300</nanos>
  <sequence>13</sequence>
  <logger>global</logger>
  <level>INFO</level>
  <class>com.maven.mqtt.asyncmqtt.MqttDAO</class>
  <method>insert</method>
  <thread>42</thread>
  <message>++++++DAO insert Test : 1+++++++</message>
</record>
<record>
  <date>2020-08-04T00:06:05.013762700Z</date>
  <millis>1596499565013</millis>
  <nanos>762700</nanos>
  <sequence>14</sequence>
  <logger>global</logger>
  <level>INFO</level>
  <class>com.maven.mqtt.asyncmqtt.MqttService</class>
  <method>mqttSubscribe</method>
  <thread>1</thread>
  <message>++++++Service subscribe:null+++++++</message>
</record>
<record>
  <date>2020-08-04T00:06:06.500818Z</date>
  <millis>1596499566500</millis>
  <nanos>818000</nanos>
  <sequence>15</sequence>
  <logger>global</logger>
  <level>INFO</level>
  <class>com.maven.mqtt.asyncmqtt.MqttService</class>
  <method>mqttSubscribe</method>
  <thread>1</thread>
  <message>++++++Service subscribe:null+++++++</message>
</record>
</log>
<?xml version="1.0" encoding="x-windows-949" standalone="no"?>
<!DOCTYPE log SYSTEM "logger.dtd">
<log>
<record>
  <date>2020-08-04T05:18:07.346508900Z</date>
  <millis>1596518287346</millis>
  <nanos>508900</nanos>
  <sequence>0</sequence>
  <logger>global</logger>
  <level>INFO</level>
  <class>com.maven.mqtt.asyncmqtt.App</class>
  <method>main</method>
  <thread>1</thread>
  <message>test</message>
</record>
<record>
  <date>2020-08-04T05:18:07.351511600Z</date>
  <millis>1596518287351</millis>
  <nanos>511600</nanos>
  <sequence>1</sequence>
  <logger>global</logger>
  <level>INFO</level>
  <class>com.maven.mqtt.asyncmqtt.MqttService</class>
  <method>mqttSubscribe</method>
  <thread>1</thread>
  <message>++++++Service subscribe:121.138.83.121+++++++</message>
</record>
<record>
  <date>2020-08-04T05:18:08.431277600Z</date>
  <millis>1596518288431</millis>
  <nanos>277600</nanos>
  <sequence>2</sequence>
  <logger>global</logger>
  <level>INFO</level>
  <class>com.maven.mqtt.asyncmqtt.MqttService</class>
  <method>mqttSubscribe</method>
  <thread>1</thread>
  <message>++++++Service subscribe:127.0.0.1+++++++</message>
</record>
<record>
  <date>2020-08-04T05:18:09.481034700Z</date>
  <millis>1596518289481</millis>
  <nanos>34700</nanos>
  <sequence>3</sequence>
  <logger>global</logger>
  <level>INFO</level>
  <class>com.maven.mqtt.asyncmqtt.MqttService</class>
  <method>mqttSubscribe</method>
  <thread>1</thread>
  <message>++++++Service subscribe:+++++++</message>
</record>
<record>
  <date>2020-08-04T05:18:10.497759600Z</date>
  <millis>1596518290497</millis>
  <nanos>759600</nanos>
  <sequence>4</sequence>
  <logger>global</logger>
  <level>INFO</level>
  <class>com.maven.mqtt.asyncmqtt.MqttService</class>
  <method>mqttSubscribe</method>
  <thread>1</thread>
  <message>++++++Service subscribe:+++++++</message>
</record>
<record>
  <date>2020-08-04T05:18:11.547488100Z</date>
  <millis>1596518291547</millis>
  <nanos>488100</nanos>
  <sequence>5</sequence>
  <logger>global</logger>
  <level>INFO</level>
  <class>com.maven.mqtt.asyncmqtt.MqttService</class>
  <method>mqttSubscribe</method>
  <thread>1</thread>
  <message>++++++Service subscribe:192.168.1.52+++++++</message>
</record>
<record>
  <date>2020-08-04T05:18:12.589238600Z</date>
  <millis>1596518292589</millis>
  <nanos>238600</nanos>
  <sequence>6</sequence>
  <logger>global</logger>
  <level>INFO</level>
  <class>com.maven.mqtt.asyncmqtt.MqttService</class>
  <method>mqttSubscribe</method>
  <thread>1</thread>
  <message>++++++Service subscribe:null+++++++</message>
</record>
<record>
  <date>2020-08-04T05:18:13.632979Z</date>
  <millis>1596518293632</millis>
  <nanos>979000</nanos>
  <sequence>7</sequence>
  <logger>global</logger>
  <level>INFO</level>
  <class>com.maven.mqtt.asyncmqtt.MqttService</class>
  <method>mqttSubscribe</method>
  <thread>1</thread>
  <message>++++++Service subscribe:null+++++++</message>
</record>
<?xml version="1.0" encoding="x-windows-949" standalone="no"?>
<!DOCTYPE log SYSTEM "logger.dtd">
<log>
<record>
  <date>2020-08-04T06:39:44.045474100Z</date>
  <millis>1596523184045</millis>
  <nanos>474100</nanos>
  <sequence>0</sequence>
  <logger>global</logger>
  <level>INFO</level>
  <class>com.maven.mqtt.asyncmqtt.App</class>
  <method>main</method>
  <thread>1</thread>
  <message>test</message>
</record>
<record>
  <date>2020-08-04T06:39:44.050477800Z</date>
  <millis>1596523184050</millis>
  <nanos>477800</nanos>
  <sequence>1</sequence>
  <logger>global</logger>
  <level>INFO</level>
  <class>com.maven.mqtt.asyncmqtt.MqttService</class>
  <method>mqttSubscribe</method>
  <thread>1</thread>
  <message>++++++Service subscribe:121.138.83.121+++++++</message>
</record>
<record>
  <date>2020-08-04T06:39:45.101222800Z</date>
  <millis>1596523185101</millis>
  <nanos>222800</nanos>
  <sequence>2</sequence>
  <logger>global</logger>
  <level>INFO</level>
  <class>com.maven.mqtt.asyncmqtt.MqttService</class>
  <method>mqttSubscribe</method>
  <thread>1</thread>
  <message>++++++Service subscribe:127.0.0.1+++++++</message>
</record>
<record>
  <date>2020-08-04T06:39:46.147965500Z</date>
  <millis>1596523186147</millis>
  <nanos>965500</nanos>
  <sequence>3</sequence>
  <logger>global</logger>
  <level>INFO</level>
  <class>com.maven.mqtt.asyncmqtt.MqttService</class>
  <method>mqttSubscribe</method>
  <thread>1</thread>
  <message>++++++Service subscribe:+++++++</message>
</record>
<record>
  <date>2020-08-04T06:39:47.190705600Z</date>
  <millis>1596523187190</millis>
  <nanos>705600</nanos>
  <sequence>4</sequence>
  <logger>global</logger>
  <level>INFO</level>
  <class>com.maven.mqtt.asyncmqtt.MqttService</class>
  <method>mqttSubscribe</method>
  <thread>1</thread>
  <message>++++++Service subscribe:+++++++</message>
</record>
<record>
  <date>2020-08-04T06:39:48.213431Z</date>
  <millis>1596523188213</millis>
  <nanos>431000</nanos>
  <sequence>5</sequence>
  <logger>global</logger>
  <level>INFO</level>
  <class>com.maven.mqtt.asyncmqtt.MqttService</class>
  <method>mqttSubscribe</method>
  <thread>1</thread>
  <message>++++++Service subscribe:192.168.1.52+++++++</message>
</record>
<record>
  <date>2020-08-04T06:39:49.255168500Z</date>
  <millis>1596523189255</millis>
  <nanos>168500</nanos>
  <sequence>6</sequence>
  <logger>global</logger>
  <level>INFO</level>
  <class>com.maven.mqtt.asyncmqtt.MqttService</class>
  <method>mqttSubscribe</method>
  <thread>1</thread>
  <message>++++++Service subscribe:null+++++++</message>
</record>
<record>
  <date>2020-08-04T06:39:50.278895600Z</date>
  <millis>1596523190278</millis>
  <nanos>895600</nanos>
  <sequence>7</sequence>
  <logger>global</logger>
  <level>INFO</level>
  <class>com.maven.mqtt.asyncmqtt.MqttService</class>
  <method>mqttSubscribe</method>
  <thread>1</thread>
  <message>++++++Service subscribe:null+++++++</message>
</record>
<?xml version="1.0" encoding="x-windows-949" standalone="no"?>
<!DOCTYPE log SYSTEM "logger.dtd">
<log>
<record>
  <date>2020-08-04T06:58:51.134042300Z</date>
  <millis>1596524331134</millis>
  <nanos>42300</nanos>
  <sequence>0</sequence>
  <logger>global</logger>
  <level>INFO</level>
  <class>com.maven.mqtt.asyncmqtt.App</class>
  <method>main</method>
  <thread>1</thread>
  <message>test</message>
</record>
<record>
  <date>2020-08-04T06:58:51.138045100Z</date>
  <millis>1596524331138</millis>
  <nanos>45100</nanos>
  <sequence>1</sequence>
  <logger>global</logger>
  <level>INFO</level>
  <class>com.maven.mqtt.asyncmqtt.MqttService</class>
  <method>mqttSubscribe</method>
  <thread>1</thread>
  <message>++++++Service subscribe:121.138.83.121+++++++</message>
</record>
<record>
  <date>2020-08-04T06:58:52.208817Z</date>
  <millis>1596524332208</millis>
  <nanos>817000</nanos>
  <sequence>2</sequence>
  <logger>global</logger>
  <level>INFO</level>
  <class>com.maven.mqtt.asyncmqtt.MqttService</class>
  <method>mqttSubscribe</method>
  <thread>1</thread>
  <message>++++++Service subscribe:127.0.0.1+++++++</message>
</record>
<record>
  <date>2020-08-04T06:58:53.254546400Z</date>
  <millis>1596524333254</millis>
  <nanos>546400</nanos>
  <sequence>3</sequence>
  <logger>global</logger>
  <level>INFO</level>
  <class>com.maven.mqtt.asyncmqtt.MqttService</class>
  <method>mqttSubscribe</method>
  <thread>1</thread>
  <message>++++++Service subscribe:+++++++</message>
</record>
<record>
  <date>2020-08-04T06:58:54.297286Z</date>
  <millis>1596524334297</millis>
  <nanos>286000</nanos>
  <sequence>4</sequence>
  <logger>global</logger>
  <level>INFO</level>
  <class>com.maven.mqtt.asyncmqtt.MqttService</class>
  <method>mqttSubscribe</method>
  <thread>1</thread>
  <message>++++++Service subscribe:+++++++</message>
</record>
<record>
  <date>2020-08-04T06:58:55.330018400Z</date>
  <millis>1596524335330</millis>
  <nanos>18400</nanos>
  <sequence>5</sequence>
  <logger>global</logger>
  <level>INFO</level>
  <class>com.maven.mqtt.asyncmqtt.MqttService</class>
  <method>mqttSubscribe</method>
  <thread>1</thread>
  <message>++++++Service subscribe:192.168.1.52+++++++</message>
</record>
<record>
  <date>2020-08-04T06:58:56.369766900Z</date>
  <millis>1596524336369</millis>
  <nanos>766900</nanos>
  <sequence>6</sequence>
  <logger>global</logger>
  <level>INFO</level>
  <class>com.maven.mqtt.asyncmqtt.MqttService</class>
  <method>mqttSubscribe</method>
  <thread>1</thread>
  <message>++++++Service subscribe:null+++++++</message>
</record>
<record>
  <date>2020-08-04T06:58:57.395496400Z</date>
  <millis>1596524337395</millis>
  <nanos>496400</nanos>
  <sequence>7</sequence>
  <logger>global</logger>
  <level>INFO</level>
  <class>com.maven.mqtt.asyncmqtt.MqttService</class>
  <method>mqttSubscribe</method>
  <thread>1</thread>
  <message>++++++Service subscribe:null+++++++</message>
</record>
<?xml version="1.0" encoding="x-windows-949" standalone="no"?>
<!DOCTYPE log SYSTEM "logger.dtd">
<log>
<record>
  <date>2020-08-04T07:14:25.618823100Z</date>
  <millis>1596525265618</millis>
  <nanos>823100</nanos>
  <sequence>0</sequence>
  <logger>global</logger>
  <level>INFO</level>
  <class>com.maven.mqtt.asyncmqtt.App</class>
  <method>main</method>
  <thread>1</thread>
  <message>test</message>
</record>
<record>
  <date>2020-08-04T07:14:25.624827300Z</date>
  <millis>1596525265624</millis>
  <nanos>827300</nanos>
  <sequence>1</sequence>
  <logger>global</logger>
  <level>INFO</level>
  <class>com.maven.mqtt.asyncmqtt.MqttService</class>
  <method>mqttSubscribe</method>
  <thread>1</thread>
  <message>++++++Service subscribe:121.138.83.121+++++++</message>
</record>
<record>
  <date>2020-08-04T07:14:26.706595Z</date>
  <millis>1596525266706</millis>
  <nanos>595000</nanos>
  <sequence>2</sequence>
  <logger>global</logger>
  <level>INFO</level>
  <class>com.maven.mqtt.asyncmqtt.MqttService</class>
  <method>mqttSubscribe</method>
  <thread>1</thread>
  <message>++++++Service subscribe:127.0.0.1+++++++</message>
</record>
<record>
  <date>2020-08-04T07:14:27.752335300Z</date>
  <millis>1596525267752</millis>
  <nanos>335300</nanos>
  <sequence>3</sequence>
  <logger>global</logger>
  <level>INFO</level>
  <class>com.maven.mqtt.asyncmqtt.MqttService</class>
  <method>mqttSubscribe</method>
  <thread>1</thread>
  <message>++++++Service subscribe:+++++++</message>
</record>
<record>
  <date>2020-08-04T07:14:28.796076100Z</date>
  <millis>1596525268796</millis>
  <nanos>76100</nanos>
  <sequence>4</sequence>
  <logger>global</logger>
  <level>INFO</level>
  <class>com.maven.mqtt.asyncmqtt.MqttService</class>
  <method>mqttSubscribe</method>
  <thread>1</thread>
  <message>++++++Service subscribe:+++++++</message>
</record>
<record>
  <date>2020-08-04T07:14:29.844819600Z</date>
  <millis>1596525269844</millis>
  <nanos>819600</nanos>
  <sequence>5</sequence>
  <logger>global</logger>
  <level>INFO</level>
  <class>com.maven.mqtt.asyncmqtt.MqttService</class>
  <method>mqttSubscribe</method>
  <thread>1</thread>
  <message>++++++Service subscribe:192.168.1.52+++++++</message>
</record>
<record>
  <date>2020-08-04T07:14:30.891562900Z</date>
  <millis>1596525270891</millis>
  <nanos>562900</nanos>
  <sequence>6</sequence>
  <logger>global</logger>
  <level>INFO</level>
  <class>com.maven.mqtt.asyncmqtt.MqttService</class>
  <method>mqttSubscribe</method>
  <thread>1</thread>
  <message>++++++Service subscribe:null+++++++</message>
</record>
<record>
  <date>2020-08-04T07:14:31.907283100Z</date>
  <millis>1596525271907</millis>
  <nanos>283100</nanos>
  <sequence>7</sequence>
  <logger>global</logger>
  <level>INFO</level>
  <class>com.maven.mqtt.asyncmqtt.MqttService</class>
  <method>mqttSubscribe</method>
  <thread>1</thread>
  <message>++++++Service subscribe:null+++++++</message>
</record>
<?xml version="1.0" encoding="x-windows-949" standalone="no"?>
<!DOCTYPE log SYSTEM "logger.dtd">
<log>
<record>
  <date>2020-08-04T07:31:20.315492800Z</date>
  <millis>1596526280315</millis>
  <nanos>492800</nanos>
  <sequence>0</sequence>
  <logger>global</logger>
  <level>INFO</level>
  <class>com.maven.mqtt.asyncmqtt.App</class>
  <method>main</method>
  <thread>1</thread>
  <message>test</message>
</record>
<record>
  <date>2020-08-04T07:31:20.319495600Z</date>
  <millis>1596526280319</millis>
  <nanos>495600</nanos>
  <sequence>1</sequence>
  <logger>global</logger>
  <level>INFO</level>
  <class>com.maven.mqtt.asyncmqtt.MqttService</class>
  <method>mqttSubscribe</method>
  <thread>1</thread>
  <message>++++++Service subscribe:121.138.83.121+++++++</message>
</record>
<record>
  <date>2020-08-04T07:31:21.368238500Z</date>
  <millis>1596526281368</millis>
  <nanos>238500</nanos>
  <sequence>2</sequence>
  <logger>global</logger>
  <level>INFO</level>
  <class>com.maven.mqtt.asyncmqtt.MqttService</class>
  <method>mqttSubscribe</method>
  <thread>1</thread>
  <message>++++++Service subscribe:127.0.0.1+++++++</message>
</record>
<record>
  <date>2020-08-04T07:31:22.408977200Z</date>
  <millis>1596526282408</millis>
  <nanos>977200</nanos>
  <sequence>3</sequence>
  <logger>global</logger>
  <level>INFO</level>
  <class>com.maven.mqtt.asyncmqtt.MqttService</class>
  <method>mqttSubscribe</method>
  <thread>1</thread>
  <message>++++++Service subscribe:+++++++</message>
</record>
<record>
  <date>2020-08-04T07:31:23.430701700Z</date>
  <millis>1596526283430</millis>
  <nanos>701700</nanos>
  <sequence>4</sequence>
  <logger>global</logger>
  <level>INFO</level>
  <class>com.maven.mqtt.asyncmqtt.MqttService</class>
  <method>mqttSubscribe</method>
  <thread>1</thread>
  <message>++++++Service subscribe:+++++++</message>
</record>
<record>
  <date>2020-08-04T07:31:24.445437900Z</date>
  <millis>1596526284445</millis>
  <nanos>437900</nanos>
  <sequence>5</sequence>
  <logger>global</logger>
  <level>INFO</level>
  <class>com.maven.mqtt.asyncmqtt.MqttService</class>
  <method>mqttSubscribe</method>
  <thread>1</thread>
  <message>++++++Service subscribe:192.168.1.52+++++++</message>
</record>
<record>
  <date>2020-08-04T07:31:25.492175300Z</date>
  <millis>1596526285492</millis>
  <nanos>175300</nanos>
  <sequence>6</sequence>
  <logger>global</logger>
  <level>INFO</level>
  <class>com.maven.mqtt.asyncmqtt.MqttService</class>
  <method>mqttSubscribe</method>
  <thread>1</thread>
  <message>++++++Service subscribe:null+++++++</message>
</record>
<?xml version="1.0" encoding="x-windows-949" standalone="no"?>
<!DOCTYPE log SYSTEM "logger.dtd">
<log>
<record>
  <date>2020-08-04T07:55:49.340392100Z</date>
  <millis>1596527749340</millis>
  <nanos>392100</nanos>
  <sequence>0</sequence>
  <logger>global</logger>
  <level>INFO</level>
  <class>com.maven.mqtt.asyncmqtt.App</class>
  <method>main</method>
  <thread>1</thread>
  <message>test</message>
</record>
<record>
  <date>2020-08-04T07:55:49.345396500Z</date>
  <millis>1596527749345</millis>
  <nanos>396500</nanos>
  <sequence>1</sequence>
  <logger>global</logger>
  <level>INFO</level>
  <class>com.maven.mqtt.asyncmqtt.MqttService</class>
  <method>mqttSubscribe</method>
  <thread>1</thread>
  <message>++++++Service subscribe:121.138.83.121+++++++</message>
</record>
<record>
  <date>2020-08-04T07:55:50.438170900Z</date>
  <millis>1596527750438</millis>
  <nanos>170900</nanos>
  <sequence>2</sequence>
  <logger>global</logger>
  <level>INFO</level>
  <class>com.maven.mqtt.asyncmqtt.MqttService</class>
  <method>mqttSubscribe</method>
  <thread>1</thread>
  <message>++++++Service subscribe:127.0.0.1+++++++</message>
</record>
<record>
  <date>2020-08-04T07:55:51.486915Z</date>
  <millis>1596527751486</millis>
  <nanos>915000</nanos>
  <sequence>3</sequence>
  <logger>global</logger>
  <level>INFO</level>
  <class>com.maven.mqtt.asyncmqtt.MqttService</class>
  <method>mqttSubscribe</method>
  <thread>1</thread>
  <message>++++++Service subscribe:+++++++</message>
</record>
<record>
  <date>2020-08-04T07:55:52.529654600Z</date>
  <millis>1596527752529</millis>
  <nanos>654600</nanos>
  <sequence>4</sequence>
  <logger>global</logger>
  <level>INFO</level>
  <class>com.maven.mqtt.asyncmqtt.MqttService</class>
  <method>mqttSubscribe</method>
  <thread>1</thread>
  <message>++++++Service subscribe:+++++++</message>
</record>
<record>
  <date>2020-08-04T07:55:53.578400900Z</date>
  <millis>1596527753578</millis>
  <nanos>400900</nanos>
  <sequence>5</sequence>
  <logger>global</logger>
  <level>INFO</level>
  <class>com.maven.mqtt.asyncmqtt.MqttService</class>
  <method>mqttSubscribe</method>
  <thread>1</thread>
  <message>++++++Service subscribe:192.168.1.52+++++++</message>
</record>
<record>
  <date>2020-08-04T07:55:54.596120Z</date>
  <millis>1596527754596</millis>
  <nanos>120000</nanos>
  <sequence>6</sequence>
  <logger>global</logger>
  <level>INFO</level>
  <class>com.maven.mqtt.asyncmqtt.MqttService</class>
  <method>mqttSubscribe</method>
  <thread>1</thread>
  <message>++++++Service subscribe:null+++++++</message>
</record>
<record>
  <date>2020-08-04T07:55:55.619846300Z</date>
  <millis>1596527755619</millis>
  <nanos>846300</nanos>
  <sequence>7</sequence>
  <logger>global</logger>
  <level>INFO</level>
  <class>com.maven.mqtt.asyncmqtt.MqttService</class>
  <method>mqttSubscribe</method>
  <thread>1</thread>
  <message>++++++Service subscribe:null+++++++</message>
</record>
<?xml version="1.0" encoding="x-windows-949" standalone="no"?>
<!DOCTYPE log SYSTEM "logger.dtd">
<log>
<record>
  <date>2020-08-04T08:05:07.606340800Z</date>
  <millis>1596528307606</millis>
  <nanos>340800</nanos>
  <sequence>0</sequence>
  <logger>global</logger>
  <level>INFO</level>
  <class>com.maven.mqtt.asyncmqtt.App</class>
  <method>main</method>
  <thread>1</thread>
  <message>test</message>
</record>
<record>
  <date>2020-08-04T08:05:07.611344500Z</date>
  <millis>1596528307611</millis>
  <nanos>344500</nanos>
  <sequence>1</sequence>
  <logger>global</logger>
  <level>INFO</level>
  <class>com.maven.mqtt.asyncmqtt.MqttService</class>
  <method>mqttSubscribe</method>
  <thread>1</thread>
  <message>++++++Service subscribe:121.138.83.121+++++++</message>
</record>
<record>
  <date>2020-08-04T08:05:08.731150400Z</date>
  <millis>1596528308731</millis>
  <nanos>150400</nanos>
  <sequence>2</sequence>
  <logger>global</logger>
  <level>INFO</level>
  <class>com.maven.mqtt.asyncmqtt.MqttService</class>
  <method>mqttSubscribe</method>
  <thread>1</thread>
  <message>++++++Service subscribe:127.0.0.1+++++++</message>
</record>
<record>
  <date>2020-08-04T08:05:09.779882400Z</date>
  <millis>1596528309779</millis>
  <nanos>882400</nanos>
  <sequence>3</sequence>
  <logger>global</logger>
  <level>INFO</level>
  <class>com.maven.mqtt.asyncmqtt.MqttService</class>
  <method>mqttSubscribe</method>
  <thread>1</thread>
  <message>++++++Service subscribe:+++++++</message>
</record>
<record>
  <date>2020-08-04T08:05:10.804608900Z</date>
  <millis>1596528310804</millis>
  <nanos>608900</nanos>
  <sequence>4</sequence>
  <logger>global</logger>
  <level>INFO</level>
  <class>com.maven.mqtt.asyncmqtt.MqttService</class>
  <method>mqttSubscribe</method>
  <thread>1</thread>
  <message>++++++Service subscribe:+++++++</message>
</record>
<record>
  <date>2020-08-04T08:05:11.829335300Z</date>
  <millis>1596528311829</millis>
  <nanos>335300</nanos>
  <sequence>5</sequence>
  <logger>global</logger>
  <level>INFO</level>
  <class>com.maven.mqtt.asyncmqtt.MqttService</class>
  <method>mqttSubscribe</method>
  <thread>1</thread>
  <message>++++++Service subscribe:192.168.1.52+++++++</message>
</record>
<record>
  <date>2020-08-04T08:05:12.859065800Z</date>
  <millis>1596528312859</millis>
  <nanos>65800</nanos>
  <sequence>6</sequence>
  <logger>global</logger>
  <level>INFO</level>
  <class>com.maven.mqtt.asyncmqtt.MqttService</class>
  <method>mqttSubscribe</method>
  <thread>1</thread>
  <message>++++++Service subscribe:null+++++++</message>
</record>
<record>
  <date>2020-08-04T08:05:13.909811400Z</date>
  <millis>1596528313909</millis>
  <nanos>811400</nanos>
  <sequence>7</sequence>
  <logger>global</logger>
  <level>INFO</level>
  <class>com.maven.mqtt.asyncmqtt.MqttService</class>
  <method>mqttSubscribe</method>
  <thread>1</thread>
  <message>++++++Service subscribe:null+++++++</message>
</record>
<?xml version="1.0" encoding="x-windows-949" standalone="no"?>
<!DOCTYPE log SYSTEM "logger.dtd">
<log>
<record>
  <date>2020-08-04T08:05:57.271565700Z</date>
  <millis>1596528357271</millis>
  <nanos>565700</nanos>
  <sequence>0</sequence>
  <logger>global</logger>
  <level>INFO</level>
  <class>com.maven.mqtt.asyncmqtt.App</class>
  <method>main</method>
  <thread>1</thread>
  <message>test</message>
</record>
<record>
  <date>2020-08-04T08:05:57.276569700Z</date>
  <millis>1596528357276</millis>
  <nanos>569700</nanos>
  <sequence>1</sequence>
  <logger>global</logger>
  <level>INFO</level>
  <class>com.maven.mqtt.asyncmqtt.MqttService</class>
  <method>mqttSubscribe</method>
  <thread>1</thread>
  <message>++++++Service subscribe:121.138.83.121+++++++</message>
</record>
<record>
  <date>2020-08-04T08:05:58.362351700Z</date>
  <millis>1596528358362</millis>
  <nanos>351700</nanos>
  <sequence>2</sequence>
  <logger>global</logger>
  <level>INFO</level>
  <class>com.maven.mqtt.asyncmqtt.MqttService</class>
  <method>mqttSubscribe</method>
  <thread>1</thread>
  <message>++++++Service subscribe:127.0.0.1+++++++</message>
</record>
<record>
  <date>2020-08-04T08:05:59.412083700Z</date>
  <millis>1596528359412</millis>
  <nanos>83700</nanos>
  <sequence>3</sequence>
  <logger>global</logger>
  <level>INFO</level>
  <class>com.maven.mqtt.asyncmqtt.MqttService</class>
  <method>mqttSubscribe</method>
  <thread>1</thread>
  <message>++++++Service subscribe:+++++++</message>
</record>
<record>
  <date>2020-08-04T08:06:00.455823800Z</date>
  <millis>1596528360455</millis>
  <nanos>823800</nanos>
  <sequence>4</sequence>
  <logger>global</logger>
  <level>INFO</level>
  <class>com.maven.mqtt.asyncmqtt.MqttService</class>
  <method>mqttSubscribe</method>
  <thread>1</thread>
  <message>++++++Service subscribe:+++++++</message>
</record>
<record>
  <date>2020-08-04T08:06:01.472544300Z</date>
  <millis>1596528361472</millis>
  <nanos>544300</nanos>
  <sequence>5</sequence>
  <logger>global</logger>
  <level>INFO</level>
  <class>com.maven.mqtt.asyncmqtt.MqttService</class>
  <method>mqttSubscribe</method>
  <thread>1</thread>
  <message>++++++Service subscribe:192.168.1.52+++++++</message>
</record>
<record>
  <date>2020-08-04T08:06:02.524291Z</date>
  <millis>1596528362524</millis>
  <nanos>291000</nanos>
  <sequence>6</sequence>
  <logger>global</logger>
  <level>INFO</level>
  <class>com.maven.mqtt.asyncmqtt.MqttService</class>
  <method>mqttSubscribe</method>
  <thread>1</thread>
  <message>++++++Service subscribe:null+++++++</message>
</record>
<record>
  <date>2020-08-04T08:06:03.567030900Z</date>
  <millis>1596528363567</millis>
  <nanos>30900</nanos>
  <sequence>7</sequence>
  <logger>global</logger>
  <level>INFO</level>
  <class>com.maven.mqtt.asyncmqtt.MqttService</class>
  <method>mqttSubscribe</method>
  <thread>1</thread>
  <message>++++++Service subscribe:null+++++++</message>
</record>
<?xml version="1.0" encoding="x-windows-949" standalone="no"?>
<!DOCTYPE log SYSTEM "logger.dtd">
<log>
<record>
  <date>2020-08-04T08:06:36.069082700Z</date>
  <millis>1596528396069</millis>
  <nanos>82700</nanos>
  <sequence>0</sequence>
  <logger>global</logger>
  <level>INFO</level>
  <class>com.maven.mqtt.asyncmqtt.App</class>
  <method>main</method>
  <thread>1</thread>
  <message>test</message>
</record>
<record>
  <date>2020-08-04T08:06:36.074086700Z</date>
  <millis>1596528396074</millis>
  <nanos>86700</nanos>
  <sequence>1</sequence>
  <logger>global</logger>
  <level>INFO</level>
  <class>com.maven.mqtt.asyncmqtt.MqttService</class>
  <method>mqttSubscribe</method>
  <thread>1</thread>
  <message>++++++Service subscribe:121.138.83.121+++++++</message>
</record>
<record>
  <date>2020-08-04T08:06:37.208904600Z</date>
  <millis>1596528397208</millis>
  <nanos>904600</nanos>
  <sequence>2</sequence>
  <logger>global</logger>
  <level>INFO</level>
  <class>com.maven.mqtt.asyncmqtt.MqttService</class>
  <method>mqttSubscribe</method>
  <thread>1</thread>
  <message>++++++Service subscribe:127.0.0.1+++++++</message>
</record>
<record>
  <date>2020-08-04T08:06:38.254632500Z</date>
  <millis>1596528398254</millis>
  <nanos>632500</nanos>
  <sequence>3</sequence>
  <logger>global</logger>
  <level>INFO</level>
  <class>com.maven.mqtt.asyncmqtt.MqttService</class>
  <method>mqttSubscribe</method>
  <thread>1</thread>
  <message>++++++Service subscribe:+++++++</message>
</record>
<record>
  <date>2020-08-04T08:06:39.298373500Z</date>
  <millis>1596528399298</millis>
  <nanos>373500</nanos>
  <sequence>4</sequence>
  <logger>global</logger>
  <level>INFO</level>
  <class>com.maven.mqtt.asyncmqtt.MqttService</class>
  <method>mqttSubscribe</method>
  <thread>1</thread>
  <message>++++++Service subscribe:+++++++</message>
</record>
<record>
  <date>2020-08-04T08:06:40.349118700Z</date>
  <millis>1596528400349</millis>
  <nanos>118700</nanos>
  <sequence>5</sequence>
  <logger>global</logger>
  <level>INFO</level>
  <class>com.maven.mqtt.asyncmqtt.MqttService</class>
  <method>mqttSubscribe</method>
  <thread>1</thread>
  <message>++++++Service subscribe:192.168.1.52+++++++</message>
</record>
<record>
  <date>2020-08-04T08:06:41.385853700Z</date>
  <millis>1596528401385</millis>
  <nanos>853700</nanos>
  <sequence>6</sequence>
  <logger>global</logger>
  <level>INFO</level>
  <class>com.maven.mqtt.asyncmqtt.MqttService</class>
  <method>mqttSubscribe</method>
  <thread>1</thread>
  <message>++++++Service subscribe:null+++++++</message>
</record>
<record>
  <date>2020-08-04T08:06:42.413599600Z</date>
  <millis>1596528402413</millis>
  <nanos>599600</nanos>
  <sequence>7</sequence>
  <logger>global</logger>
  <level>INFO</level>
  <class>com.maven.mqtt.asyncmqtt.MqttService</class>
  <method>mqttSubscribe</method>
  <thread>1</thread>
  <message>++++++Service subscribe:null+++++++</message>
</record>
<?xml version="1.0" encoding="x-windows-949" standalone="no"?>
<!DOCTYPE log SYSTEM "logger.dtd">
<log>
<record>
  <date>2020-08-04T08:06:50.940630100Z</date>
  <millis>1596528410940</millis>
  <nanos>630100</nanos>
  <sequence>0</sequence>
  <logger>global</logger>
  <level>INFO</level>
  <class>com.maven.mqtt.asyncmqtt.App</class>
  <method>main</method>
  <thread>1</thread>
  <message>test</message>
</record>
<record>
  <date>2020-08-04T08:06:50.946635300Z</date>
  <millis>1596528410946</millis>
  <nanos>635300</nanos>
  <sequence>1</sequence>
  <logger>global</logger>
  <level>INFO</level>
  <class>com.maven.mqtt.asyncmqtt.MqttService</class>
  <method>mqttSubscribe</method>
  <thread>1</thread>
  <message>++++++Service subscribe:121.138.83.121+++++++</message>
</record>
<record>
  <date>2020-08-04T08:06:52.027411800Z</date>
  <millis>1596528412027</millis>
  <nanos>411800</nanos>
  <sequence>2</sequence>
  <logger>global</logger>
  <level>INFO</level>
  <class>com.maven.mqtt.asyncmqtt.MqttService</class>
  <method>mqttSubscribe</method>
  <thread>1</thread>
  <message>++++++Service subscribe:127.0.0.1+++++++</message>
</record>
<record>
  <date>2020-08-04T08:06:53.072141900Z</date>
  <millis>1596528413072</millis>
  <nanos>141900</nanos>
  <sequence>3</sequence>
  <logger>global</logger>
  <level>INFO</level>
  <class>com.maven.mqtt.asyncmqtt.MqttService</class>
  <method>mqttSubscribe</method>
  <thread>1</thread>
  <message>++++++Service subscribe:+++++++</message>
</record>
<record>
  <date>2020-08-04T08:06:54.129904100Z</date>
  <millis>1596528414129</millis>
  <nanos>904100</nanos>
  <sequence>4</sequence>
  <logger>global</logger>
  <level>INFO</level>
  <class>com.maven.mqtt.asyncmqtt.MqttService</class>
  <method>mqttSubscribe</method>
  <thread>1</thread>
  <message>++++++Service subscribe:+++++++</message>
</record>
<record>
  <date>2020-08-04T08:06:55.187642600Z</date>
  <millis>1596528415187</millis>
  <nanos>642600</nanos>
  <sequence>5</sequence>
  <logger>global</logger>
  <level>INFO</level>
  <class>com.maven.mqtt.asyncmqtt.MqttService</class>
  <method>mqttSubscribe</method>
  <thread>1</thread>
  <message>++++++Service subscribe:192.168.1.52+++++++</message>
</record>
<record>
  <date>2020-08-04T08:06:56.223377Z</date>
  <millis>1596528416223</millis>
  <nanos>377000</nanos>
  <sequence>6</sequence>
  <logger>global</logger>
  <level>INFO</level>
  <class>com.maven.mqtt.asyncmqtt.MqttService</class>
  <method>mqttSubscribe</method>
  <thread>1</thread>
  <message>++++++Service subscribe:null+++++++</message>
</record>
<record>
  <date>2020-08-04T08:06:57.269118900Z</date>
  <millis>1596528417269</millis>
  <nanos>118900</nanos>
  <sequence>7</sequence>
  <logger>global</logger>
  <level>INFO</level>
  <class>com.maven.mqtt.asyncmqtt.MqttService</class>
  <method>mqttSubscribe</method>
  <thread>1</thread>
  <message>++++++Service subscribe:null+++++++</message>
</record>
<?xml version="1.0" encoding="x-windows-949" standalone="no"?>
<!DOCTYPE log SYSTEM "logger.dtd">
<log>
<record>
  <date>2020-08-04T08:34:58.294380Z</date>
  <millis>1596530098294</millis>
  <nanos>380000</nanos>
  <sequence>0</sequence>
  <logger>global</logger>
  <level>INFO</level>
  <class>com.maven.mqtt.asyncmqtt.App</class>
  <method>main</method>
  <thread>1</thread>
  <message>test</message>
</record>
<record>
  <date>2020-08-04T08:34:58.299383700Z</date>
  <millis>1596530098299</millis>
  <nanos>383700</nanos>
  <sequence>1</sequence>
  <logger>global</logger>
  <level>INFO</level>
  <class>com.maven.mqtt.asyncmqtt.MqttService</class>
  <method>mqttSubscribe</method>
  <thread>1</thread>
  <message>++++++Service subscribe:121.138.83.121+++++++</message>
</record>
<record>
  <date>2020-08-04T08:34:59.372154800Z</date>
  <millis>1596530099372</millis>
  <nanos>154800</nanos>
  <sequence>2</sequence>
  <logger>global</logger>
  <level>INFO</level>
  <class>com.maven.mqtt.asyncmqtt.MqttService</class>
  <method>mqttSubscribe</method>
  <thread>1</thread>
  <message>++++++Service subscribe:127.0.0.1+++++++</message>
</record>
<record>
  <date>2020-08-04T08:35:00.401874400Z</date>
  <millis>1596530100401</millis>
  <nanos>874400</nanos>
  <sequence>3</sequence>
  <logger>global</logger>
  <level>INFO</level>
  <class>com.maven.mqtt.asyncmqtt.MqttService</class>
  <method>mqttSubscribe</method>
  <thread>1</thread>
  <message>++++++Service subscribe:+++++++</message>
</record>
<record>
  <date>2020-08-04T08:35:01.433605400Z</date>
  <millis>1596530101433</millis>
  <nanos>605400</nanos>
  <sequence>4</sequence>
  <logger>global</logger>
  <level>INFO</level>
  <class>com.maven.mqtt.asyncmqtt.MqttService</class>
  <method>mqttSubscribe</method>
  <thread>1</thread>
  <message>++++++Service subscribe:+++++++</message>
</record>
<record>
  <date>2020-08-04T08:35:02.457331900Z</date>
  <millis>1596530102457</millis>
  <nanos>331900</nanos>
  <sequence>5</sequence>
  <logger>global</logger>
  <level>INFO</level>
  <class>com.maven.mqtt.asyncmqtt.MqttService</class>
  <method>mqttSubscribe</method>
  <thread>1</thread>
  <message>++++++Service subscribe:192.168.1.52+++++++</message>
</record>
<record>
  <date>2020-08-04T08:35:03.503074700Z</date>
  <millis>1596530103503</millis>
  <nanos>74700</nanos>
  <sequence>6</sequence>
  <logger>global</logger>
  <level>INFO</level>
  <class>com.maven.mqtt.asyncmqtt.MqttService</class>
  <method>mqttSubscribe</method>
  <thread>1</thread>
  <message>++++++Service subscribe:null+++++++</message>
</record>
<record>
  <date>2020-08-04T08:35:04.547816300Z</date>
  <millis>1596530104547</millis>
  <nanos>816300</nanos>
  <sequence>7</sequence>
  <logger>global</logger>
  <level>INFO</level>
  <class>com.maven.mqtt.asyncmqtt.MqttService</class>
  <method>mqttSubscribe</method>
  <thread>1</thread>
  <message>++++++Service subscribe:null+++++++</message>
</record>
<?xml version="1.0" encoding="x-windows-949" standalone="no"?>
<!DOCTYPE log SYSTEM "logger.dtd">
<log>
<record>
  <date>2020-08-04T08:35:13.121895900Z</date>
  <millis>1596530113121</millis>
  <nanos>895900</nanos>
  <sequence>0</sequence>
  <logger>global</logger>
  <level>INFO</level>
  <class>com.maven.mqtt.asyncmqtt.App</class>
  <method>main</method>
  <thread>1</thread>
  <message>test</message>
</record>
<record>
  <date>2020-08-04T08:35:13.125898100Z</date>
  <millis>1596530113125</millis>
  <nanos>898100</nanos>
  <sequence>1</sequence>
  <logger>global</logger>
  <level>INFO</level>
  <class>com.maven.mqtt.asyncmqtt.MqttService</class>
  <method>mqttSubscribe</method>
  <thread>1</thread>
  <message>++++++Service subscribe:121.138.83.121+++++++</message>
</record>
<record>
  <date>2020-08-04T08:35:14.193667Z</date>
  <millis>1596530114193</millis>
  <nanos>667000</nanos>
  <sequence>2</sequence>
  <logger>global</logger>
  <level>INFO</level>
  <class>com.maven.mqtt.asyncmqtt.MqttService</class>
  <method>mqttSubscribe</method>
  <thread>1</thread>
  <message>++++++Service subscribe:127.0.0.1+++++++</message>
</record>
<record>
  <date>2020-08-04T08:35:15.240398500Z</date>
  <millis>1596530115240</millis>
  <nanos>398500</nanos>
  <sequence>3</sequence>
  <logger>global</logger>
  <level>INFO</level>
  <class>com.maven.mqtt.asyncmqtt.MqttService</class>
  <method>mqttSubscribe</method>
  <thread>1</thread>
  <message>++++++Service subscribe:+++++++</message>
</record>
<record>
  <date>2020-08-04T08:35:16.287140900Z</date>
  <millis>1596530116287</millis>
  <nanos>140900</nanos>
  <sequence>4</sequence>
  <logger>global</logger>
  <level>INFO</level>
  <class>com.maven.mqtt.asyncmqtt.MqttService</class>
  <method>mqttSubscribe</method>
  <thread>1</thread>
  <message>++++++Service subscribe:+++++++</message>
</record>
<record>
  <date>2020-08-04T08:35:17.338886700Z</date>
  <millis>1596530117338</millis>
  <nanos>886700</nanos>
  <sequence>5</sequence>
  <logger>global</logger>
  <level>INFO</level>
  <class>com.maven.mqtt.asyncmqtt.MqttService</class>
  <method>mqttSubscribe</method>
  <thread>1</thread>
  <message>++++++Service subscribe:192.168.1.52+++++++</message>
</record>
<record>
  <date>2020-08-04T08:35:18.353606100Z</date>
  <millis>1596530118353</millis>
  <nanos>606100</nanos>
  <sequence>6</sequence>
  <logger>global</logger>
  <level>INFO</level>
  <class>com.maven.mqtt.asyncmqtt.MqttService</class>
  <method>mqttSubscribe</method>
  <thread>1</thread>
  <message>++++++Service subscribe:null+++++++</message>
</record>
<record>
  <date>2020-08-04T08:35:19.400361600Z</date>
  <millis>1596530119400</millis>
  <nanos>361600</nanos>
  <sequence>7</sequence>
  <logger>global</logger>
  <level>INFO</level>
  <class>com.maven.mqtt.asyncmqtt.MqttService</class>
  <method>mqttSubscribe</method>
  <thread>1</thread>
  <message>++++++Service subscribe:null+++++++</message>
</record>
<?xml version="1.0" encoding="x-windows-949" standalone="no"?>
<!DOCTYPE log SYSTEM "logger.dtd">
<log>
<record>
  <date>2020-08-04T08:35:40.548350Z</date>
  <millis>1596530140548</millis>
  <nanos>350000</nanos>
  <sequence>0</sequence>
  <logger>global</logger>
  <level>INFO</level>
  <class>com.maven.mqtt.asyncmqtt.App</class>
  <method>main</method>
  <thread>1</thread>
  <message>test</message>
</record>
<record>
  <date>2020-08-04T08:35:40.554352700Z</date>
  <millis>1596530140554</millis>
  <nanos>352700</nanos>
  <sequence>1</sequence>
  <logger>global</logger>
  <level>INFO</level>
  <class>com.maven.mqtt.asyncmqtt.MqttService</class>
  <method>mqttSubscribe</method>
  <thread>1</thread>
  <message>++++++Service subscribe:121.138.83.121+++++++</message>
</record>
<record>
  <date>2020-08-04T08:35:41.646126900Z</date>
  <millis>1596530141646</millis>
  <nanos>126900</nanos>
  <sequence>2</sequence>
  <logger>global</logger>
  <level>INFO</level>
  <class>com.maven.mqtt.asyncmqtt.MqttService</class>
  <method>mqttSubscribe</method>
  <thread>1</thread>
  <message>++++++Service subscribe:127.0.0.1+++++++</message>
</record>
<record>
  <date>2020-08-04T08:35:42.666850200Z</date>
  <millis>1596530142666</millis>
  <nanos>850200</nanos>
  <sequence>3</sequence>
  <logger>global</logger>
  <level>INFO</level>
  <class>com.maven.mqtt.asyncmqtt.MqttService</class>
  <method>mqttSubscribe</method>
  <thread>1</thread>
  <message>++++++Service subscribe:+++++++</message>
</record>
<record>
  <date>2020-08-04T08:35:43.708589800Z</date>
  <millis>1596530143708</millis>
  <nanos>589800</nanos>
  <sequence>4</sequence>
  <logger>global</logger>
  <level>INFO</level>
  <class>com.maven.mqtt.asyncmqtt.MqttService</class>
  <method>mqttSubscribe</method>
  <thread>1</thread>
  <message>++++++Service subscribe:+++++++</message>
</record>
<record>
  <date>2020-08-04T08:35:44.757333Z</date>
  <millis>1596530144757</millis>
  <nanos>333000</nanos>
  <sequence>5</sequence>
  <logger>global</logger>
  <level>INFO</level>
  <class>com.maven.mqtt.asyncmqtt.MqttService</class>
  <method>mqttSubscribe</method>
  <thread>1</thread>
  <message>++++++Service subscribe:192.168.1.52+++++++</message>
</record>
<record>
  <date>2020-08-04T08:35:45.791066700Z</date>
  <millis>1596530145791</millis>
  <nanos>66700</nanos>
  <sequence>6</sequence>
  <logger>global</logger>
  <level>INFO</level>
  <class>com.maven.mqtt.asyncmqtt.MqttService</class>
  <method>mqttSubscribe</method>
  <thread>1</thread>
  <message>++++++Service subscribe:null+++++++</message>
</record>
<record>
  <date>2020-08-04T08:35:46.833806500Z</date>
  <millis>1596530146833</millis>
  <nanos>806500</nanos>
  <sequence>7</sequence>
  <logger>global</logger>
  <level>INFO</level>
  <class>com.maven.mqtt.asyncmqtt.MqttService</class>
  <method>mqttSubscribe</method>
  <thread>1</thread>
  <message>++++++Service subscribe:null+++++++</message>
</record>
<?xml version="1.0" encoding="x-windows-949" standalone="no"?>
<!DOCTYPE log SYSTEM "logger.dtd">
<log>
<record>
  <date>2020-08-04T08:35:55.259782300Z</date>
  <millis>1596530155259</millis>
  <nanos>782300</nanos>
  <sequence>0</sequence>
  <logger>global</logger>
  <level>INFO</level>
  <class>com.maven.mqtt.asyncmqtt.App</class>
  <method>main</method>
  <thread>1</thread>
  <message>test</message>
</record>
<record>
  <date>2020-08-04T08:35:55.264785700Z</date>
  <millis>1596530155264</millis>
  <nanos>785700</nanos>
  <sequence>1</sequence>
  <logger>global</logger>
  <level>INFO</level>
  <class>com.maven.mqtt.asyncmqtt.MqttService</class>
  <method>mqttSubscribe</method>
  <thread>1</thread>
  <message>++++++Service subscribe:121.138.83.121+++++++</message>
</record>
<record>
  <date>2020-08-04T08:35:56.374584500Z</date>
  <millis>1596530156374</millis>
  <nanos>584500</nanos>
  <sequence>2</sequence>
  <logger>global</logger>
  <level>INFO</level>
  <class>com.maven.mqtt.asyncmqtt.MqttService</class>
  <method>mqttSubscribe</method>
  <thread>1</thread>
  <message>++++++Service subscribe:127.0.0.1+++++++</message>
</record>
<record>
  <date>2020-08-04T08:35:57.402301700Z</date>
  <millis>1596530157402</millis>
  <nanos>301700</nanos>
  <sequence>3</sequence>
  <logger>global</logger>
  <level>INFO</level>
  <class>com.maven.mqtt.asyncmqtt.MqttService</class>
  <method>mqttSubscribe</method>
  <thread>1</thread>
  <message>++++++Service subscribe:+++++++</message>
</record>
<record>
  <date>2020-08-04T08:35:58.441038400Z</date>
  <millis>1596530158441</millis>
  <nanos>38400</nanos>
  <sequence>4</sequence>
  <logger>global</logger>
  <level>INFO</level>
  <class>com.maven.mqtt.asyncmqtt.MqttService</class>
  <method>mqttSubscribe</method>
  <thread>1</thread>
  <message>++++++Service subscribe:+++++++</message>
</record>
<record>
  <date>2020-08-04T08:35:59.487782400Z</date>
  <millis>1596530159487</millis>
  <nanos>782400</nanos>
  <sequence>5</sequence>
  <logger>global</logger>
  <level>INFO</level>
  <class>com.maven.mqtt.asyncmqtt.MqttService</class>
  <method>mqttSubscribe</method>
  <thread>1</thread>
  <message>++++++Service subscribe:192.168.1.52+++++++</message>
</record>
<record>
  <date>2020-08-04T08:36:00.502500500Z</date>
  <millis>1596530160502</millis>
  <nanos>500500</nanos>
  <sequence>6</sequence>
  <logger>global</logger>
  <level>INFO</level>
  <class>com.maven.mqtt.asyncmqtt.MqttService</class>
  <method>mqttSubscribe</method>
  <thread>1</thread>
  <message>++++++Service subscribe:null+++++++</message>
</record>
<record>
  <date>2020-08-04T08:36:01.520221600Z</date>
  <millis>1596530161520</millis>
  <nanos>221600</nanos>
  <sequence>7</sequence>
  <logger>global</logger>
  <level>INFO</level>
  <class>com.maven.mqtt.asyncmqtt.MqttService</class>
  <method>mqttSubscribe</method>
  <thread>1</thread>
  <message>++++++Service subscribe:null+++++++</message>
</record>
<record>
  <date>2020-08-04T08:47:07.728728100Z</date>
  <millis>1596530827728</millis>
  <nanos>728100</nanos>
  <sequence>8</sequence>
  <logger>global</logger>
  <level>INFO</level>
  <class>com.maven.mqtt.asyncmqtt.MqttService</class>
  <method>mqttSubscribe</method>
  <thread>1</thread>
  <message>++++++Service subscribe:null+++++++</message>
</record>
<record>
  <date>2020-08-04T08:47:08.746449800Z</date>
  <millis>1596530828746</millis>
  <nanos>449800</nanos>
  <sequence>9</sequence>
  <logger>global</logger>
  <level>INFO</level>
  <class>com.maven.mqtt.asyncmqtt.MqttService</class>
  <method>mqttSubscribe</method>
  <thread>1</thread>
  <message>++++++Service subscribe:null+++++++</message>
</record>
<record>
  <date>2020-08-04T08:47:09.760168600Z</date>
  <millis>1596530829760</millis>
  <nanos>168600</nanos>
  <sequence>10</sequence>
  <logger>global</logger>
  <level>INFO</level>
  <class>com.maven.mqtt.asyncmqtt.MqttService</class>
  <method>mqttSubscribe</method>
  <thread>1</thread>
  <message>++++++Service subscribe:null+++++++</message>
</record>
</log>
